<?xml version="1.0" encoding="UTF-8"?>
<testng-results ignored="0" total="1" passed="1" failed="0" skipped="0">
  <reporter-output>
  </reporter-output>
  <suite started-at="2023-04-14T16:49:55 IST" name="Suite" finished-at="2023-04-14T16:50:21 IST" duration-ms="26393">
    <groups>
    </groups>
    <test started-at="2023-04-14T16:49:55 IST" name="Test" finished-at="2023-04-14T16:50:21 IST" duration-ms="26393">
      <class name="com.demowebshop.automation.testscripts.TS_EndToEndFlow">
        <test-method is-config="true" signature="openapp(java.lang.String)[pri:0, instance:com.demowebshop.automation.testscripts.TS_EndToEndFlow@2b48a640]" started-at="2023-04-14T16:49:56 IST" name="openapp" finished-at="2023-04-14T16:50:00 IST" duration-ms="3769" status="PASS">
          <params>
            <param index="0">
              <value>
                <![CDATA[chrome]]>
              </value>
            </param>
          </params>
          <reporter-output>
          </reporter-output>
        </test-method> <!-- openapp -->
        <test-method signature="testScript(java.lang.String,java.lang.String)[pri:0, instance:com.demowebshop.automation.testscripts.TS_EndToEndFlow@2b48a640]" started-at="2023-04-14T16:50:00 IST" name="testScript" data-provider="logincred" finished-at="2023-04-14T16:50:21 IST" duration-ms="21559" status="PASS">
          <params>
            <param index="0">
              <value>
                <![CDATA[select@gmail.com]]>
              </value>
            </param>
            <param index="1">
              <value>
                <![CDATA[world@123]]>
              </value>
            </param>
          </params>
          <reporter-output>
          </reporter-output>
        </test-method> <!-- testScript -->
        <test-method is-config="true" signature="closeapp()[pri:0, instance:com.demowebshop.automation.testscripts.TS_EndToEndFlow@2b48a640]" started-at="2023-04-14T16:50:21 IST" name="closeapp" finished-at="2023-04-14T16:50:21 IST" duration-ms="171" status="PASS">
          <reporter-output>
          </reporter-output>
        </test-method> <!-- closeapp -->
      </class> <!-- com.demowebshop.automation.testscripts.TS_EndToEndFlow -->
    </test> <!-- Test -->
  </suite> <!-- Suite -->
</testng-results>
